<?xml version="1.0" encoding="UTF-8"?>
<!-- Generated by org.testng.reporters.JUnitReportReporter -->
<testsuite hostname="DESKTOP-IP6CAI0" failures="0" tests="1" name="com.tookan.testcases.Login_page" time="4.499" errors="0" timestamp="2022-07-17T17:18:55 IST" skipped="0">
  <testcase classname="com.tookan.testcases.Login_page" name="Verifysignup" time="4.499"/>
  <system-out/>
</testsuite> <!-- com.tookan.testcases.Login_page -->
