<?xml version="1.0" encoding="UTF-8"?>
<!-- Generated by org.testng.reporters.JUnitReportReporter -->
<testsuite hostname="DESKTOP-IP6CAI0" failures="0" tests="1" name="com.tookan.testcases.SignUp_page" time="8.792" errors="0" timestamp="2022-08-26T13:28:22 IST" skipped="0">
  <testcase classname="com.tookan.testcases.SignUp_page" name="Verifysignup" time="8.792"/>
  <system-out/>
</testsuite> <!-- com.tookan.testcases.SignUp_page -->
