<?xml version="1.0" encoding="UTF-8"?>
<!-- Generated by org.testng.reporters.JUnitReportReporter -->
<testsuite hostname="DESKTOP-IP6CAI0" failures="0" tests="2" name="com.tookan.testcases.Login_Createtask" time="33.377" errors="0" timestamp="2022-08-29T15:00:30 IST" skipped="0">
  <testcase classname="com.tookan.testcases.Login_Createtask" name="VerifyLogin" time="0.604"/>
  <system-out/>
  <testcase classname="com.tookan.testcases.Login_Createtask" name="verifycreatetask" time="32.773"/>
  <system-out/>
</testsuite> <!-- com.tookan.testcases.Login_Createtask -->
